<?xml version="1.0" encoding="UTF-8"?>
<testng-results ignored="0" total="0" passed="0" failed="0" skipped="0">
  <reporter-output>
  </reporter-output>
  <suite started-at="2023-04-03T22:39:02 BDT" name="Surefire suite" finished-at="2023-04-03T22:39:02 BDT" duration-ms="159">
    <groups>
    </groups>
    <test started-at="2023-04-03T22:39:02 BDT" name="Surefire test" finished-at="2023-04-03T22:39:02 BDT" duration-ms="159">
    </test> <!-- Surefire test -->
  </suite> <!-- Surefire suite -->
</testng-results>
